[debug] [2024-03-07T23:02:35.554Z] ----------------------------------------------------------------------
[debug] [2024-03-07T23:02:35.557Z] Command:       C:\Program Files\nodejs\node.exe C:\Users\Test\AppData\Roaming\npm\node_modules\firebase-tools\lib\bin\firebase.js init
[debug] [2024-03-07T23:02:35.557Z] CLI Version:   13.4.1
[debug] [2024-03-07T23:02:35.558Z] Platform:      win32
[debug] [2024-03-07T23:02:35.558Z] Node Version:  v20.9.0
[debug] [2024-03-07T23:02:35.558Z] Time:          Fri Mar 08 2024 04:32:35 GMT+0530 (India Standard Time)
[debug] [2024-03-07T23:02:35.558Z] ----------------------------------------------------------------------
[debug] 
[debug] [2024-03-07T23:02:35.635Z] > command requires scopes: ["email","openid","https://www.googleapis.com/auth/cloudplatformprojects.readonly","https://www.googleapis.com/auth/firebase","https://www.googleapis.com/auth/cloud-platform"]
[debug] [2024-03-07T23:02:35.636Z] > authorizing via signed-in user (soumyaranjan8428@gmail.com)
[info] 
     ######## #### ########  ######## ########     ###     ######  ########
     ##        ##  ##     ## ##       ##     ##  ##   ##  ##       ##
     ######    ##  ########  ######   ########  #########  ######  ######
     ##        ##  ##    ##  ##       ##     ## ##     ##       ## ##
     ##       #### ##     ## ######## ########  ##     ##  ######  ########

You're about to initialize a Firebase project in this directory:

  E:\video-tutorial-project

Before we get started, keep in mind:

  * You are initializing within an existing Firebase project directory

[info] 
=== Project Setup
[info] 
[info] First, let's associate this project directory with a Firebase project.
[info] You can create multiple project aliases by running firebase use --add, 
[info] but for now we'll just set up a default project.
[info] 
[debug] [2024-03-07T23:03:42.714Z] Using project from CLI flag: videotutorial--library
[debug] [2024-03-07T23:03:42.715Z] > refreshing access token with scopes: []
[debug] [2024-03-07T23:03:42.717Z] >>> [apiv2][query] POST https://www.googleapis.com/oauth2/v3/token [none]
[debug] [2024-03-07T23:03:42.717Z] >>> [apiv2][body] POST https://www.googleapis.com/oauth2/v3/token [omitted]
[debug] [2024-03-07T23:03:42.926Z] <<< [apiv2][status] POST https://www.googleapis.com/oauth2/v3/token 400
[debug] [2024-03-07T23:03:42.927Z] <<< [apiv2][body] POST https://www.googleapis.com/oauth2/v3/token [omitted]
[debug] [2024-03-07T23:03:42.927Z] >>> [apiv2][query] GET https://firebase.googleapis.com/v1beta1/projects/videotutorial--library [none]
[debug] [2024-03-07T23:03:43.314Z] <<< [apiv2][status] GET https://firebase.googleapis.com/v1beta1/projects/videotutorial--library 401
[debug] [2024-03-07T23:03:43.314Z] <<< [apiv2][body] GET https://firebase.googleapis.com/v1beta1/projects/videotutorial--library {"error":{"code":401,"message":"Request had invalid authentication credentials. Expected OAuth 2 access token, login cookie or other valid authentication credential. See https://developers.google.com/identity/sign-in/web/devconsole-project.","status":"UNAUTHENTICATED"}}
[debug] [2024-03-07T23:03:43.315Z] HTTP Error: 401, Request had invalid authentication credentials. Expected OAuth 2 access token, login cookie or other valid authentication credential. See https://developers.google.com/identity/sign-in/web/devconsole-project.
[debug] [2024-03-07T23:03:43.459Z] FirebaseError: HTTP Error: 401, Request had invalid authentication credentials. Expected OAuth 2 access token, login cookie or other valid authentication credential. See https://developers.google.com/identity/sign-in/web/devconsole-project.
    at responseToError (C:\Users\Test\AppData\Roaming\npm\node_modules\firebase-tools\lib\responseToError.js:49:12)
    at RetryOperation._fn (C:\Users\Test\AppData\Roaming\npm\node_modules\firebase-tools\lib\apiv2.js:297:77)
    at process.processTicksAndRejections (node:internal/process/task_queues:95:5)
[error] 
[error] Error: Failed to get Firebase project videotutorial--library. Please make sure the project exists and your account has permission to access it.
[debug] [2024-03-07T23:06:10.952Z] ----------------------------------------------------------------------
[debug] [2024-03-07T23:06:10.955Z] Command:       C:\Program Files\nodejs\node.exe C:\Users\Test\AppData\Roaming\npm\node_modules\firebase-tools\lib\bin\firebase.js deploy
[debug] [2024-03-07T23:06:10.955Z] CLI Version:   13.4.1
[debug] [2024-03-07T23:06:10.955Z] Platform:      win32
[debug] [2024-03-07T23:06:10.955Z] Node Version:  v20.9.0
[debug] [2024-03-07T23:06:10.955Z] Time:          Fri Mar 08 2024 04:36:10 GMT+0530 (India Standard Time)
[debug] [2024-03-07T23:06:10.956Z] ----------------------------------------------------------------------
[debug] 
[debug] [2024-03-07T23:06:11.034Z] > command requires scopes: ["email","openid","https://www.googleapis.com/auth/cloudplatformprojects.readonly","https://www.googleapis.com/auth/firebase","https://www.googleapis.com/auth/cloud-platform"]
[debug] [2024-03-07T23:06:11.034Z] > authorizing via signed-in user (soumyaranjan8428@gmail.com)
[debug] [2024-03-07T23:06:11.034Z] [iam] checking project videotutorial--library for permissions ["firebase.projects.get","firebasehosting.sites.update"]
[debug] [2024-03-07T23:06:11.036Z] > refreshing access token with scopes: []
[debug] [2024-03-07T23:06:11.037Z] >>> [apiv2][query] POST https://www.googleapis.com/oauth2/v3/token [none]
[debug] [2024-03-07T23:06:11.038Z] >>> [apiv2][body] POST https://www.googleapis.com/oauth2/v3/token [omitted]
[debug] [2024-03-07T23:06:11.272Z] <<< [apiv2][status] POST https://www.googleapis.com/oauth2/v3/token 400
[debug] [2024-03-07T23:06:11.273Z] <<< [apiv2][body] POST https://www.googleapis.com/oauth2/v3/token [omitted]
[debug] [2024-03-07T23:06:11.273Z] >>> [apiv2][query] POST https://cloudresourcemanager.googleapis.com/v1/projects/videotutorial--library:testIamPermissions [none]
[debug] [2024-03-07T23:06:11.273Z] >>> [apiv2][(partial)header] POST https://cloudresourcemanager.googleapis.com/v1/projects/videotutorial--library:testIamPermissions x-goog-quota-user=projects/videotutorial--library
[debug] [2024-03-07T23:06:11.274Z] >>> [apiv2][body] POST https://cloudresourcemanager.googleapis.com/v1/projects/videotutorial--library:testIamPermissions {"permissions":["firebase.projects.get","firebasehosting.sites.update"]}
[debug] [2024-03-07T23:06:12.576Z] <<< [apiv2][status] POST https://cloudresourcemanager.googleapis.com/v1/projects/videotutorial--library:testIamPermissions 401
[debug] [2024-03-07T23:06:12.576Z] <<< [apiv2][body] POST https://cloudresourcemanager.googleapis.com/v1/projects/videotutorial--library:testIamPermissions {"error":{"code":401,"message":"Request had invalid authentication credentials. Expected OAuth 2 access token, login cookie or other valid authentication credential. See https://developers.google.com/identity/sign-in/web/devconsole-project.","status":"UNAUTHENTICATED","details":[{"@type":"type.googleapis.com/google.rpc.ErrorInfo","reason":"ACCESS_TOKEN_TYPE_UNSUPPORTED","metadata":{"method":"google.cloudresourcemanager.v1.Projects.TestIamPermissions","service":"cloudresourcemanager.googleapis.com"}}]}}
[debug] [2024-03-07T23:06:12.577Z] [iam] error while checking permissions, command may fail: FirebaseError: HTTP Error: 401, Request had invalid authentication credentials. Expected OAuth 2 access token, login cookie or other valid authentication credential. See https://developers.google.com/identity/sign-in/web/devconsole-project.
[debug] [2024-03-07T23:06:12.577Z] > refreshing access token with scopes: []
[debug] [2024-03-07T23:06:12.577Z] >>> [apiv2][query] POST https://www.googleapis.com/oauth2/v3/token [none]
[debug] [2024-03-07T23:06:12.578Z] >>> [apiv2][body] POST https://www.googleapis.com/oauth2/v3/token [omitted]
[debug] [2024-03-07T23:06:12.650Z] <<< [apiv2][status] POST https://www.googleapis.com/oauth2/v3/token 400
[debug] [2024-03-07T23:06:12.651Z] <<< [apiv2][body] POST https://www.googleapis.com/oauth2/v3/token [omitted]
[debug] [2024-03-07T23:06:12.651Z] >>> [apiv2][query] GET https://firebase.googleapis.com/v1beta1/projects/videotutorial--library [none]
[debug] [2024-03-07T23:06:13.021Z] <<< [apiv2][status] GET https://firebase.googleapis.com/v1beta1/projects/videotutorial--library 401
[debug] [2024-03-07T23:06:13.021Z] <<< [apiv2][body] GET https://firebase.googleapis.com/v1beta1/projects/videotutorial--library {"error":{"code":401,"message":"Request had invalid authentication credentials. Expected OAuth 2 access token, login cookie or other valid authentication credential. See https://developers.google.com/identity/sign-in/web/devconsole-project.","status":"UNAUTHENTICATED"}}
[debug] [2024-03-07T23:06:13.023Z] HTTP Error: 401, Request had invalid authentication credentials. Expected OAuth 2 access token, login cookie or other valid authentication credential. See https://developers.google.com/identity/sign-in/web/devconsole-project.
[error] 
[error] Error: Assertion failed: resolving hosting target of a site with no site name or target name. This should have caused an error earlier
[debug] [2024-03-07T23:08:11.856Z] ----------------------------------------------------------------------
[debug] [2024-03-07T23:08:11.859Z] Command:       C:\Program Files\nodejs\node.exe C:\Users\Test\AppData\Roaming\npm\node_modules\firebase-tools\lib\bin\firebase.js deploy
[debug] [2024-03-07T23:08:11.860Z] CLI Version:   13.4.1
[debug] [2024-03-07T23:08:11.860Z] Platform:      win32
[debug] [2024-03-07T23:08:11.860Z] Node Version:  v20.9.0
[debug] [2024-03-07T23:08:11.860Z] Time:          Fri Mar 08 2024 04:38:11 GMT+0530 (India Standard Time)
[debug] [2024-03-07T23:08:11.860Z] ----------------------------------------------------------------------
[debug] 
[debug] [2024-03-07T23:08:11.935Z] > command requires scopes: ["email","openid","https://www.googleapis.com/auth/cloudplatformprojects.readonly","https://www.googleapis.com/auth/firebase","https://www.googleapis.com/auth/cloud-platform"]
[debug] [2024-03-07T23:08:11.935Z] > authorizing via signed-in user (soumyaranjan8428@gmail.com)
[debug] [2024-03-07T23:08:11.935Z] [iam] checking project videotutorial--library for permissions ["firebase.projects.get","firebasehosting.sites.update"]
[debug] [2024-03-07T23:08:11.937Z] > refreshing access token with scopes: []
[debug] [2024-03-07T23:08:11.938Z] >>> [apiv2][query] POST https://www.googleapis.com/oauth2/v3/token [none]
[debug] [2024-03-07T23:08:11.938Z] >>> [apiv2][body] POST https://www.googleapis.com/oauth2/v3/token [omitted]
[debug] [2024-03-07T23:08:12.184Z] <<< [apiv2][status] POST https://www.googleapis.com/oauth2/v3/token 400
[debug] [2024-03-07T23:08:12.185Z] <<< [apiv2][body] POST https://www.googleapis.com/oauth2/v3/token [omitted]
[debug] [2024-03-07T23:08:12.185Z] >>> [apiv2][query] POST https://cloudresourcemanager.googleapis.com/v1/projects/videotutorial--library:testIamPermissions [none]
[debug] [2024-03-07T23:08:12.185Z] >>> [apiv2][(partial)header] POST https://cloudresourcemanager.googleapis.com/v1/projects/videotutorial--library:testIamPermissions x-goog-quota-user=projects/videotutorial--library
[debug] [2024-03-07T23:08:12.185Z] >>> [apiv2][body] POST https://cloudresourcemanager.googleapis.com/v1/projects/videotutorial--library:testIamPermissions {"permissions":["firebase.projects.get","firebasehosting.sites.update"]}
[debug] [2024-03-07T23:08:13.403Z] <<< [apiv2][status] POST https://cloudresourcemanager.googleapis.com/v1/projects/videotutorial--library:testIamPermissions 401
[debug] [2024-03-07T23:08:13.403Z] <<< [apiv2][body] POST https://cloudresourcemanager.googleapis.com/v1/projects/videotutorial--library:testIamPermissions {"error":{"code":401,"message":"Request had invalid authentication credentials. Expected OAuth 2 access token, login cookie or other valid authentication credential. See https://developers.google.com/identity/sign-in/web/devconsole-project.","status":"UNAUTHENTICATED","details":[{"@type":"type.googleapis.com/google.rpc.ErrorInfo","reason":"ACCESS_TOKEN_TYPE_UNSUPPORTED","metadata":{"method":"google.cloudresourcemanager.v1.Projects.TestIamPermissions","service":"cloudresourcemanager.googleapis.com"}}]}}
[debug] [2024-03-07T23:08:13.404Z] [iam] error while checking permissions, command may fail: FirebaseError: HTTP Error: 401, Request had invalid authentication credentials. Expected OAuth 2 access token, login cookie or other valid authentication credential. See https://developers.google.com/identity/sign-in/web/devconsole-project.
[debug] [2024-03-07T23:08:13.405Z] > refreshing access token with scopes: []
[debug] [2024-03-07T23:08:13.405Z] >>> [apiv2][query] POST https://www.googleapis.com/oauth2/v3/token [none]
[debug] [2024-03-07T23:08:13.405Z] >>> [apiv2][body] POST https://www.googleapis.com/oauth2/v3/token [omitted]
[debug] [2024-03-07T23:08:13.478Z] <<< [apiv2][status] POST https://www.googleapis.com/oauth2/v3/token 400
[debug] [2024-03-07T23:08:13.479Z] <<< [apiv2][body] POST https://www.googleapis.com/oauth2/v3/token [omitted]
[debug] [2024-03-07T23:08:13.480Z] >>> [apiv2][query] GET https://firebase.googleapis.com/v1beta1/projects/videotutorial--library [none]
[debug] [2024-03-07T23:08:13.869Z] <<< [apiv2][status] GET https://firebase.googleapis.com/v1beta1/projects/videotutorial--library 401
[debug] [2024-03-07T23:08:13.869Z] <<< [apiv2][body] GET https://firebase.googleapis.com/v1beta1/projects/videotutorial--library {"error":{"code":401,"message":"Request had invalid authentication credentials. Expected OAuth 2 access token, login cookie or other valid authentication credential. See https://developers.google.com/identity/sign-in/web/devconsole-project.","status":"UNAUTHENTICATED"}}
[debug] [2024-03-07T23:08:13.870Z] HTTP Error: 401, Request had invalid authentication credentials. Expected OAuth 2 access token, login cookie or other valid authentication credential. See https://developers.google.com/identity/sign-in/web/devconsole-project.
[error] 
[error] Error: Assertion failed: resolving hosting target of a site with no site name or target name. This should have caused an error earlier
